{"name": "Adicionar um novo usuário", "status": "failed", "statusDetails": {"message": "AssertionError: O dropdown de perfil não foi encontrado ou não está clicável.\n", "trace": "  File \"C:\\Users\\mferreio\\OneDrive - NTT DATA EMEAL\\Documents\\__Github_Projetos__\\AutomacaoDeTeste\\venv\\Lib\\site-packages\\behave\\model.py\", line 1329, in run\n    match.run(runner.context)\n  File \"C:\\Users\\mferreio\\OneDrive - NTT DATA EMEAL\\Documents\\__Github_Projetos__\\AutomacaoDeTeste\\venv\\Lib\\site-packages\\behave\\matchers.py\", line 98, in run\n    self.func(context, *args, **kwargs)\n  File \"features\\steps\\test_tela_de_usuarios_steps.py\", line 100, in step_clica_dropdown_perfil\n    context.tela_de_usuarios_page.clicar_dropdown_perfil()\n  File \"C:\\Users\\mferreio\\OneDrive - NTT DATA EMEAL\\Documents\\__Github_Projetos__\\neo_liberalizados-automacao\\features\\pages\\tela_de_usuarios_pages.py\", line 127, in clicar_dropdown_perfil\n    raise AssertionError(\"O dropdown de perfil não foi encontrado ou não está clicável.\")\n"}, "steps": [{"name": "Given que o usuário está logado como \"Administrador\"", "status": "passed", "steps": [{"name": "Validando que o usuário está logado como Administrador", "status": "passed", "parameters": [{"name": "context", "value": "<behave.runner.Context object at 0x0000024DB073A660>"}], "start": 1743789003364, "stop": 1743789003382}], "start": 1743789003362, "stop": 1743789003382}, {"name": "When navega até a tela de usuários - Perfil", "status": "passed", "steps": [{"name": "Navegando até a tela de usuários - Perfil", "status": "passed", "parameters": [{"name": "context", "value": "<behave.runner.Context object at 0x0000024DB073A660>"}], "start": 1743789003383, "stop": 1743789005457}], "start": 1743789003382, "stop": 1743789005457}, {"name": "When o usuário clica no botão \"Novo\" para adicionar usuario", "status": "passed", "start": 1743789005457, "stop": 1743789007554}, {"name": "When clica no dropdown de perfil", "status": "failed", "statusDetails": {"message": "AssertionError: O dropdown de perfil não foi encontrado ou não está clicável.\n", "trace": "  File \"C:\\Users\\mferreio\\OneDrive - NTT DATA EMEAL\\Documents\\__Github_Projetos__\\AutomacaoDeTeste\\venv\\Lib\\site-packages\\behave\\model.py\", line 1329, in run\n    match.run(runner.context)\n  File \"C:\\Users\\mferreio\\OneDrive - NTT DATA EMEAL\\Documents\\__Github_Projetos__\\AutomacaoDeTeste\\venv\\Lib\\site-packages\\behave\\matchers.py\", line 98, in run\n    self.func(context, *args, **kwargs)\n  File \"features\\steps\\test_tela_de_usuarios_steps.py\", line 100, in step_clica_dropdown_perfil\n    context.tela_de_usuarios_page.clicar_dropdown_perfil()\n  File \"C:\\Users\\mferreio\\OneDrive - NTT DATA EMEAL\\Documents\\__Github_Projetos__\\neo_liberalizados-automacao\\features\\pages\\tela_de_usuarios_pages.py\", line 127, in clicar_dropdown_perfil\n    raise AssertionError(\"O dropdown de perfil não foi encontrado ou não está clicável.\")\n"}, "start": 1743789007554, "stop": 1743789017597}, {"name": "When o usuário seleciona o perfil de usuário, escreve o nome e email", "status": "skipped", "start": 1743789017599, "stop": 1743789017599}, {"name": "When o usuário clica em \"Salvar\" para salvar o novo usuário", "status": "skipped", "start": 1743789017599, "stop": 1743789017599}, {"name": "Then navega até a tela de usuários - Perfil", "status": "skipped", "start": 1743789017599, "stop": 1743789017599}], "start": 1743789003358, "stop": 1743789017599, "uuid": "4f5b8633-2985-4b29-ae52-8a812374b785", "historyId": "9da46387280071793139a6501e368c59", "fullName": "Acessar a página de login e testar fluxo de tela de usuários: Adicionar um novo usuário", "labels": [{"name": "severity", "value": "normal"}, {"name": "feature", "value": "Acessar a página de login e testar fluxo de tela de usuários"}, {"name": "framework", "value": "behave"}, {"name": "language", "value": "cpython3"}]}