{"uid":"96a1638839d8c7a4","name":"Adição de um novo produto para diretrizes de curto prazo","fullName":"Tela de Produtos: Adição de um novo produto para diretrizes de curto prazo","historyId":"dbcf2e9f4d0637e0187f08ff129c0c79","time":{"start":1747950712915,"stop":1747950724822,"duration":11907},"status":"failed","statusMessage":"AssertionError: Erro ao clicar no módulo 'Curto Prazo'.\n","statusTrace":"  File \"C:\\Users\\mferreio\\AppData\\Local\\Programs\\Python\\Python312\\Lib\\site-packages\\behave\\model.py\", line 1329, in run\n    match.run(runner.context)\n  File \"C:\\Users\\mferreio\\AppData\\Local\\Programs\\Python\\Python312\\Lib\\site-packages\\behave\\matchers.py\", line 98, in run\n    self.func(context, *args, **kwargs)\n  File \"features\\steps\\test_aplicacao_base_steps.py\", line 114, in step_selecionar_modulo_curto_prazo\n    context.aplicacao_base_page.clicar_modulo_curto_prazo()\n  File \"C:\\Automação de Testes\\neo_liberalizados-automacao\\features\\pages\\aplicacao_base_pages.py\", line 327, in clicar_modulo_curto_prazo\n    raise AssertionError(\"Erro ao clicar no módulo 'Curto Prazo'.\")\n","flaky":false,"newFailed":false,"newBroken":false,"newPassed":false,"retriesCount":0,"retriesStatusChange":false,"beforeStages":[],"testStage":{"status":"failed","statusMessage":"AssertionError: Erro ao clicar no módulo 'Curto Prazo'.\n","statusTrace":"  File \"C:\\Users\\mferreio\\AppData\\Local\\Programs\\Python\\Python312\\Lib\\site-packages\\behave\\model.py\", line 1329, in run\n    match.run(runner.context)\n  File \"C:\\Users\\mferreio\\AppData\\Local\\Programs\\Python\\Python312\\Lib\\site-packages\\behave\\matchers.py\", line 98, in run\n    self.func(context, *args, **kwargs)\n  File \"features\\steps\\test_aplicacao_base_steps.py\", line 114, in step_selecionar_modulo_curto_prazo\n    context.aplicacao_base_page.clicar_modulo_curto_prazo()\n  File \"C:\\Automação de Testes\\neo_liberalizados-automacao\\features\\pages\\aplicacao_base_pages.py\", line 327, in clicar_modulo_curto_prazo\n    raise AssertionError(\"Erro ao clicar no módulo 'Curto Prazo'.\")\n","steps":[{"name":"Given que o usuário está logado no sistema","time":{"start":1747950712916,"stop":1747950713091,"duration":175},"status":"passed","steps":[],"attachments":[],"parameters":[],"hasContent":false,"attachmentStep":false,"stepsCount":0,"shouldDisplayMessage":false,"attachmentsCount":0},{"name":"When o usuário seleciona o módulo \"Produtos\"","time":{"start":1747950713091,"stop":1747950714394,"duration":1303},"status":"passed","steps":[],"attachments":[],"parameters":[],"hasContent":false,"attachmentStep":false,"stepsCount":0,"shouldDisplayMessage":false,"attachmentsCount":0},{"name":"When o usuário seleciona o módulo \"Curto Prazo\"","time":{"start":1747950714394,"stop":1747950724821,"duration":10427},"status":"failed","statusMessage":"AssertionError: Erro ao clicar no módulo 'Curto Prazo'.\n","statusTrace":"  File \"C:\\Users\\mferreio\\AppData\\Local\\Programs\\Python\\Python312\\Lib\\site-packages\\behave\\model.py\", line 1329, in run\n    match.run(runner.context)\n  File \"C:\\Users\\mferreio\\AppData\\Local\\Programs\\Python\\Python312\\Lib\\site-packages\\behave\\matchers.py\", line 98, in run\n    self.func(context, *args, **kwargs)\n  File \"features\\steps\\test_aplicacao_base_steps.py\", line 114, in step_selecionar_modulo_curto_prazo\n    context.aplicacao_base_page.clicar_modulo_curto_prazo()\n  File \"C:\\Automação de Testes\\neo_liberalizados-automacao\\features\\pages\\aplicacao_base_pages.py\", line 327, in clicar_modulo_curto_prazo\n    raise AssertionError(\"Erro ao clicar no módulo 'Curto Prazo'.\")\n","steps":[],"attachments":[],"parameters":[],"hasContent":true,"attachmentStep":false,"stepsCount":0,"shouldDisplayMessage":true,"attachmentsCount":0},{"name":"When Usuário clica em novo produto","time":{"start":1747950724822,"stop":1747950724822,"duration":0},"status":"skipped","steps":[],"attachments":[],"parameters":[],"hasContent":false,"attachmentStep":false,"stepsCount":0,"shouldDisplayMessage":false,"attachmentsCount":0},{"name":"When o usuário é direcionado para a tela de cadastros","time":{"start":1747950724822,"stop":1747950724822,"duration":0},"status":"skipped","steps":[],"attachments":[],"parameters":[],"hasContent":false,"attachmentStep":false,"stepsCount":0,"shouldDisplayMessage":false,"attachmentsCount":0},{"name":"When Usuário preenche os campos obrigatórios","time":{"start":1747950724822,"stop":1747950724822,"duration":0},"status":"skipped","steps":[],"attachments":[],"parameters":[],"hasContent":false,"attachmentStep":false,"stepsCount":0,"shouldDisplayMessage":false,"attachmentsCount":0},{"name":"When Usuário clica em cadastrar produto","time":{"start":1747950724822,"stop":1747950724822,"duration":0},"status":"skipped","steps":[],"attachments":[],"parameters":[],"hasContent":false,"attachmentStep":false,"stepsCount":0,"shouldDisplayMessage":false,"attachmentsCount":0},{"name":"Then eu devo conseguir criar dados","time":{"start":1747950724822,"stop":1747950724822,"duration":0},"status":"broken","statusMessage":"\nYou can implement step definitions for undefined steps with these snippets:\n\n@then(u'eu devo conseguir criar dados')\ndef step_impl(context):\n    raise NotImplementedError(u'STEP: Then eu devo conseguir criar dados')\n\n","steps":[],"attachments":[],"parameters":[],"hasContent":true,"attachmentStep":false,"stepsCount":0,"shouldDisplayMessage":true,"attachmentsCount":0}],"attachments":[],"parameters":[],"hasContent":true,"attachmentStep":false,"stepsCount":8,"shouldDisplayMessage":false,"attachmentsCount":0},"afterStages":[],"labels":[{"name":"severity","value":"normal"},{"name":"feature","value":"Tela de Produtos"},{"name":"framework","value":"behave"},{"name":"language","value":"cpython3"},{"name":"resultFormat","value":"allure2"}],"parameters":[],"links":[],"hidden":false,"retry":false,"extra":{"severity":"normal","retries":[],"categories":[{"name":"Product defects","matchedStatuses":[]}],"tags":[]},"source":"96a1638839d8c7a4.json","parameterValues":[]}