{"uid":"9cae3f9168455169","name":"Navegação de volta após adicionar um novo produto","fullName":"Tela de Produtos: Navegação de volta após adicionar um novo produto","historyId":"fb40b44e5734c80fa475e246bc63d4b2","time":{"start":1747950803657,"stop":1747950816296,"duration":12639},"status":"failed","statusMessage":"AssertionError: Erro ao clicar no módulo 'Semanal Diario'.\n","statusTrace":"  File \"C:\\Users\\mferreio\\AppData\\Local\\Programs\\Python\\Python312\\Lib\\site-packages\\behave\\model.py\", line 1329, in run\n    match.run(runner.context)\n  File \"C:\\Users\\mferreio\\AppData\\Local\\Programs\\Python\\Python312\\Lib\\site-packages\\behave\\matchers.py\", line 98, in run\n    self.func(context, *args, **kwargs)\n  File \"features\\steps\\test_aplicacao_base_steps.py\", line 97, in step_selecionar_modulo_semanal_diario\n    context.aplicacao_base_page.clicar_modulo_semanal_diario()\n  File \"C:\\Automação de Testes\\neo_liberalizados-automacao\\features\\pages\\aplicacao_base_pages.py\", line 266, in clicar_modulo_semanal_diario\n    raise AssertionError(\"Erro ao clicar no módulo 'Semanal Diario'.\")\n","flaky":false,"newFailed":false,"newBroken":false,"newPassed":false,"retriesCount":0,"retriesStatusChange":false,"beforeStages":[],"testStage":{"status":"failed","statusMessage":"AssertionError: Erro ao clicar no módulo 'Semanal Diario'.\n","statusTrace":"  File \"C:\\Users\\mferreio\\AppData\\Local\\Programs\\Python\\Python312\\Lib\\site-packages\\behave\\model.py\", line 1329, in run\n    match.run(runner.context)\n  File \"C:\\Users\\mferreio\\AppData\\Local\\Programs\\Python\\Python312\\Lib\\site-packages\\behave\\matchers.py\", line 98, in run\n    self.func(context, *args, **kwargs)\n  File \"features\\steps\\test_aplicacao_base_steps.py\", line 97, in step_selecionar_modulo_semanal_diario\n    context.aplicacao_base_page.clicar_modulo_semanal_diario()\n  File \"C:\\Automação de Testes\\neo_liberalizados-automacao\\features\\pages\\aplicacao_base_pages.py\", line 266, in clicar_modulo_semanal_diario\n    raise AssertionError(\"Erro ao clicar no módulo 'Semanal Diario'.\")\n","steps":[{"name":"Given que o usuário está logado no sistema","time":{"start":1747950803658,"stop":1747950803826,"duration":168},"status":"passed","steps":[],"attachments":[],"parameters":[],"hasContent":false,"attachmentStep":false,"stepsCount":0,"shouldDisplayMessage":false,"attachmentsCount":0},{"name":"When o usuário seleciona o módulo \"Produtos\"","time":{"start":1747950803826,"stop":1747950805083,"duration":1257},"status":"passed","steps":[],"attachments":[],"parameters":[],"hasContent":false,"attachmentStep":false,"stepsCount":0,"shouldDisplayMessage":false,"attachmentsCount":0},{"name":"When o usuário seleciona o módulo \"Semanal Diario\"","time":{"start":1747950805084,"stop":1747950816295,"duration":11211},"status":"failed","statusMessage":"AssertionError: Erro ao clicar no módulo 'Semanal Diario'.\n","statusTrace":"  File \"C:\\Users\\mferreio\\AppData\\Local\\Programs\\Python\\Python312\\Lib\\site-packages\\behave\\model.py\", line 1329, in run\n    match.run(runner.context)\n  File \"C:\\Users\\mferreio\\AppData\\Local\\Programs\\Python\\Python312\\Lib\\site-packages\\behave\\matchers.py\", line 98, in run\n    self.func(context, *args, **kwargs)\n  File \"features\\steps\\test_aplicacao_base_steps.py\", line 97, in step_selecionar_modulo_semanal_diario\n    context.aplicacao_base_page.clicar_modulo_semanal_diario()\n  File \"C:\\Automação de Testes\\neo_liberalizados-automacao\\features\\pages\\aplicacao_base_pages.py\", line 266, in clicar_modulo_semanal_diario\n    raise AssertionError(\"Erro ao clicar no módulo 'Semanal Diario'.\")\n","steps":[],"attachments":[],"parameters":[],"hasContent":true,"attachmentStep":false,"stepsCount":0,"shouldDisplayMessage":true,"attachmentsCount":0},{"name":"Then o novo produto deve estar visível na lista de produtos","time":{"start":1747950816295,"stop":1747950816296,"duration":1},"status":"broken","statusMessage":"\nYou can implement step definitions for undefined steps with these snippets:\n\n@then(u'o novo produto deve estar visível na lista de produtos')\ndef step_impl(context):\n    raise NotImplementedError(u'STEP: Then o novo produto deve estar visível na lista de produtos')\n\n","steps":[],"attachments":[],"parameters":[],"hasContent":true,"attachmentStep":false,"stepsCount":0,"shouldDisplayMessage":true,"attachmentsCount":0}],"attachments":[],"parameters":[],"hasContent":true,"attachmentStep":false,"stepsCount":4,"shouldDisplayMessage":false,"attachmentsCount":0},"afterStages":[],"labels":[{"name":"severity","value":"normal"},{"name":"feature","value":"Tela de Produtos"},{"name":"framework","value":"behave"},{"name":"language","value":"cpython3"},{"name":"resultFormat","value":"allure2"}],"parameters":[],"links":[],"hidden":false,"retry":false,"extra":{"severity":"normal","retries":[],"categories":[{"name":"Product defects","matchedStatuses":[]}],"tags":[]},"source":"9cae3f9168455169.json","parameterValues":[]}