{"uid":"ff0a389e7aad87a5","name":"Visualização de mensagens de erro em campos obrigatórios","fullName":"Tela de Produtos: Visualização de mensagens de erro em campos obrigatórios","historyId":"1ce8b2f1fd568252e8a650f0fe4afc46","time":{"start":1747950852588,"stop":1747950865534,"duration":12946},"status":"failed","statusMessage":"AssertionError: Erro ao clicar no módulo 'Semanal Diario'.\n","statusTrace":"  File \"C:\\Users\\mferreio\\AppData\\Local\\Programs\\Python\\Python312\\Lib\\site-packages\\behave\\model.py\", line 1329, in run\n    match.run(runner.context)\n  File \"C:\\Users\\mferreio\\AppData\\Local\\Programs\\Python\\Python312\\Lib\\site-packages\\behave\\matchers.py\", line 98, in run\n    self.func(context, *args, **kwargs)\n  File \"features\\steps\\test_aplicacao_base_steps.py\", line 97, in step_selecionar_modulo_semanal_diario\n    context.aplicacao_base_page.clicar_modulo_semanal_diario()\n  File \"C:\\Automação de Testes\\neo_liberalizados-automacao\\features\\pages\\aplicacao_base_pages.py\", line 266, in clicar_modulo_semanal_diario\n    raise AssertionError(\"Erro ao clicar no módulo 'Semanal Diario'.\")\n","flaky":false,"newFailed":false,"newBroken":false,"newPassed":false,"retriesCount":0,"retriesStatusChange":false,"beforeStages":[],"testStage":{"status":"failed","statusMessage":"AssertionError: Erro ao clicar no módulo 'Semanal Diario'.\n","statusTrace":"  File \"C:\\Users\\mferreio\\AppData\\Local\\Programs\\Python\\Python312\\Lib\\site-packages\\behave\\model.py\", line 1329, in run\n    match.run(runner.context)\n  File \"C:\\Users\\mferreio\\AppData\\Local\\Programs\\Python\\Python312\\Lib\\site-packages\\behave\\matchers.py\", line 98, in run\n    self.func(context, *args, **kwargs)\n  File \"features\\steps\\test_aplicacao_base_steps.py\", line 97, in step_selecionar_modulo_semanal_diario\n    context.aplicacao_base_page.clicar_modulo_semanal_diario()\n  File \"C:\\Automação de Testes\\neo_liberalizados-automacao\\features\\pages\\aplicacao_base_pages.py\", line 266, in clicar_modulo_semanal_diario\n    raise AssertionError(\"Erro ao clicar no módulo 'Semanal Diario'.\")\n","steps":[{"name":"Given que o usuário está logado no sistema","time":{"start":1747950852589,"stop":1747950852774,"duration":185},"status":"passed","steps":[],"attachments":[],"parameters":[],"hasContent":false,"attachmentStep":false,"stepsCount":0,"shouldDisplayMessage":false,"attachmentsCount":0},{"name":"When o usuário seleciona o módulo \"Produtos\"","time":{"start":1747950852774,"stop":1747950854017,"duration":1243},"status":"passed","steps":[],"attachments":[],"parameters":[],"hasContent":false,"attachmentStep":false,"stepsCount":0,"shouldDisplayMessage":false,"attachmentsCount":0},{"name":"When o usuário seleciona o módulo \"Semanal Diario\"","time":{"start":1747950854017,"stop":1747950865532,"duration":11515},"status":"failed","statusMessage":"AssertionError: Erro ao clicar no módulo 'Semanal Diario'.\n","statusTrace":"  File \"C:\\Users\\mferreio\\AppData\\Local\\Programs\\Python\\Python312\\Lib\\site-packages\\behave\\model.py\", line 1329, in run\n    match.run(runner.context)\n  File \"C:\\Users\\mferreio\\AppData\\Local\\Programs\\Python\\Python312\\Lib\\site-packages\\behave\\matchers.py\", line 98, in run\n    self.func(context, *args, **kwargs)\n  File \"features\\steps\\test_aplicacao_base_steps.py\", line 97, in step_selecionar_modulo_semanal_diario\n    context.aplicacao_base_page.clicar_modulo_semanal_diario()\n  File \"C:\\Automação de Testes\\neo_liberalizados-automacao\\features\\pages\\aplicacao_base_pages.py\", line 266, in clicar_modulo_semanal_diario\n    raise AssertionError(\"Erro ao clicar no módulo 'Semanal Diario'.\")\n","steps":[],"attachments":[],"parameters":[],"hasContent":true,"attachmentStep":false,"stepsCount":0,"shouldDisplayMessage":true,"attachmentsCount":0},{"name":"When Usuário clica em novo produto","time":{"start":1747950865533,"stop":1747950865533,"duration":0},"status":"skipped","steps":[],"attachments":[],"parameters":[],"hasContent":false,"attachmentStep":false,"stepsCount":0,"shouldDisplayMessage":false,"attachmentsCount":0},{"name":"When o usuário é direcionado para a tela de cadastros","time":{"start":1747950865533,"stop":1747950865533,"duration":0},"status":"skipped","steps":[],"attachments":[],"parameters":[],"hasContent":false,"attachmentStep":false,"stepsCount":0,"shouldDisplayMessage":false,"attachmentsCount":0},{"name":"When Usuário preenche os campos obrigatórios com dados inválidos","time":{"start":1747950865534,"stop":1747950865534,"duration":0},"status":"broken","statusMessage":"\nYou can implement step definitions for undefined steps with these snippets:\n\n@when(u'Usuário preenche os campos obrigatórios com dados inválidos')\ndef step_impl(context):\n    raise NotImplementedError(u'STEP: When Usuário preenche os campos obrigatórios com dados inválidos')\n\n","steps":[],"attachments":[],"parameters":[],"hasContent":true,"attachmentStep":false,"stepsCount":0,"shouldDisplayMessage":true,"attachmentsCount":0},{"name":"Then uma mensagem de erro deve ser exibida","time":{"start":1747950865534,"stop":1747950865534,"duration":0},"status":"skipped","steps":[],"attachments":[],"parameters":[],"hasContent":false,"attachmentStep":false,"stepsCount":0,"shouldDisplayMessage":false,"attachmentsCount":0}],"attachments":[],"parameters":[],"hasContent":true,"attachmentStep":false,"stepsCount":7,"shouldDisplayMessage":false,"attachmentsCount":0},"afterStages":[],"labels":[{"name":"severity","value":"normal"},{"name":"feature","value":"Tela de Produtos"},{"name":"framework","value":"behave"},{"name":"language","value":"cpython3"},{"name":"resultFormat","value":"allure2"}],"parameters":[],"links":[],"hidden":false,"retry":false,"extra":{"severity":"normal","retries":[],"categories":[{"name":"Product defects","matchedStatuses":[]}],"tags":[]},"source":"ff0a389e7aad87a5.json","parameterValues":[]}